# JRE version: OpenJDK Runtime Environment Temurin-21.0.10+7 (21.0.10+7) (build 21.0.10+7-LTS)
# Java VM: OpenJDK 64-Bit Server VM Temurin-21.0.10+7 (21.0.10+7-LTS, mixed mode, sharing, tiered, compressed oops, compressed class ptrs, parallel gc, windows-amd64)
GC Precious Log:
 CardTable entry size: 512
 CPUs: 12 total, 12 available
 Memory: 7521M
 Large Page Support: Disabled
 NUMA Support: Disabled
 Compressed Oops: Enabled (32-bit)
 Alignments: Space 512K, Generation 512K, Heap 2M
 Heap Min Capacity: 100M
 Heap Initial Capacity: 100M
 Heap Max Capacity: 2G
 Pre-touch: Disabled
 Parallel Workers: 10
Heap:
 PSYoungGen      total 4096K, used 498K [0x00000000d5580000, 0x00000000d5b00000, 0x0000000100000000)
  eden space 3584K, 0% used [0x00000000d5580000,0x00000000d5580000,0x00000000d5900000)
  from space 512K, 97% used [0x00000000d5a80000,0x00000000d5afcaa8,0x00000000d5b00000)
  to   space 1024K, 0% used [0x00000000d5980000,0x00000000d5980000,0x00000000d5a80000)
 ParOldGen       total 417280K, used 416877K [0x0000000080000000, 0x0000000099780000, 0x00000000d5580000)
  object space 417280K, 99% used [0x0000000080000000,0x000000009971b4f8,0x0000000099780000)
 Metaspace       used 65940K, committed 67456K, reserved 1114112K
  class space    used 6705K, committed 7360K, reserved 1048576K
GC Heap History (20 events):
Event: 99.461 GC heap after
{Heap after GC invocations=811 (full 3):
 PSYoungGen      total 7168K, used 1525K [0x00000000d5580000, 0x00000000d6280000, 0x0000000100000000)
  eden space 5632K, 0% used [0x00000000d5580000,0x00000000d5580000,0x00000000d5b00000)
  from space 1536K, 99% used [0x00000000d5e80000,0x00000000d5ffd4e8,0x00000000d6000000)
  to   space 3584K, 0% used [0x00000000d5b00000,0x00000000d5b00000,0x00000000d5e80000)
 ParOldGen       total 406016K, used 405999K [0x0000000080000000, 0x0000000098c80000, 0x00000000d5580000)
  object space 406016K, 99% used [0x0000000080000000,0x0000000098c7beb0,0x0000000098c80000)
 Metaspace       used 65926K, committed 67392K, reserved 1114112K
  class space    used 6702K, committed 7360K, reserved 1048576K
}
Event: 99.587 GC heap before
{Heap before GC invocations=812 (full 3):
 PSYoungGen      total 7168K, used 7157K [0x00000000d5580000, 0x00000000d6280000, 0x0000000100000000)
  eden space 5632K, 100% used [0x00000000d5580000,0x00000000d5b00000,0x00000000d5b00000)
  from space 1536K, 99% used [0x00000000d5e80000,0x00000000d5ffd4e8,0x00000000d6000000)
  to   space 3584K, 0% used [0x00000000d5b00000,0x00000000d5b00000,0x00000000d5e80000)
 ParOldGen       total 406016K, used 405999K [0x0000000080000000, 0x0000000098c80000, 0x00000000d5580000)
  object space 406016K, 99% used [0x0000000080000000,0x0000000098c7beb0,0x0000000098c80000)
 Metaspace       used 65926K, committed 67392K, reserved 1114112K
  class space    used 6702K, committed 7360K, reserved 1048576K
}
Event: 99.590 GC heap after
{Heap after GC invocations=812 (full 3):
 PSYoungGen      total 7168K, used 1360K [0x00000000d5580000, 0x00000000d5f00000, 0x0000000100000000)
  eden space 5632K, 0% used [0x00000000d5580000,0x00000000d5580000,0x00000000d5b00000)
  from space 1536K, 88% used [0x00000000d5b00000,0x00000000d5c542f0,0x00000000d5c80000)
  to   space 2048K, 0% used [0x00000000d5d00000,0x00000000d5d00000,0x00000000d5f00000)
 ParOldGen       total 407552K, used 407193K [0x0000000080000000, 0x0000000098e00000, 0x00000000d5580000)
  object space 407552K, 99% used [0x0000000080000000,0x0000000098da6690,0x0000000098e00000)
 Metaspace       used 65926K, committed 67392K, reserved 1114112K
  class space    used 6702K, committed 7360K, reserved 1048576K
}
Event: 99.730 GC heap before
{Heap before GC invocations=813 (full 3):
 PSYoungGen      total 7168K, used 6992K [0x00000000d5580000, 0x00000000d5f00000, 0x0000000100000000)
  eden space 5632K, 100% used [0x00000000d5580000,0x00000000d5b00000,0x00000000d5b00000)
  from space 1536K, 88% used [0x00000000d5b00000,0x00000000d5c542f0,0x00000000d5c80000)
  to   space 2048K, 0% used [0x00000000d5d00000,0x00000000d5d00000,0x00000000d5f00000)
 ParOldGen       total 407552K, used 407193K [0x0000000080000000, 0x0000000098e00000, 0x00000000d5580000)
  object space 407552K, 99% used [0x0000000080000000,0x0000000098da6690,0x0000000098e00000)
 Metaspace       used 65926K, committed 67392K, reserved 1114112K
  class space    used 6702K, committed 7360K, reserved 1048576K
}
Event: 99.734 GC heap after
{Heap after GC invocations=813 (full 3):
 PSYoungGen      total 7168K, used 1262K [0x00000000d5580000, 0x00000000d5e80000, 0x0000000100000000)
  eden space 5632K, 0% used [0x00000000d5580000,0x00000000d5580000,0x00000000d5b00000)
  from space 1536K, 82% used [0x00000000d5d00000,0x00000000d5e3ba00,0x00000000d5e80000)
  to   space 1536K, 0% used [0x00000000d5b00000,0x00000000d5b00000,0x00000000d5c80000)
 ParOldGen       total 408576K, used 408406K [0x0000000080000000, 0x0000000098f00000, 0x00000000d5580000)
  object space 408576K, 99% used [0x0000000080000000,0x0000000098ed5948,0x0000000098f00000)
 Metaspace       used 65926K, committed 67392K, reserved 1114112K
  class space    used 6702K, committed 7360K, reserved 1048576K
}
Event: 99.813 GC heap before
{Heap before GC invocations=814 (full 3):
 PSYoungGen      total 7168K, used 6894K [0x00000000d5580000, 0x00000000d5e80000, 0x0000000100000000)
  eden space 5632K, 100% used [0x00000000d5580000,0x00000000d5b00000,0x00000000d5b00000)
  from space 1536K, 82% used [0x00000000d5d00000,0x00000000d5e3ba00,0x00000000d5e80000)
  to   space 1536K, 0% used [0x00000000d5b00000,0x00000000d5b00000,0x00000000d5c80000)
 ParOldGen       total 408576K, used 408406K [0x0000000080000000, 0x0000000098f00000, 0x00000000d5580000)
  object space 408576K, 99% used [0x0000000080000000,0x0000000098ed5948,0x0000000098f00000)
 Metaspace       used 65926K, committed 67392K, reserved 1114112K
  class space    used 6702K, committed 7360K, reserved 1048576K
}
Event: 99.817 GC heap after
{Heap after GC invocations=814 (full 3):
 PSYoungGen      total 7168K, used 1365K [0x00000000d5580000, 0x00000000d5e00000, 0x0000000100000000)
  eden space 5632K, 0% used [0x00000000d5580000,0x00000000d5580000,0x00000000d5b00000)
  from space 1536K, 88% used [0x00000000d5b00000,0x00000000d5c557e8,0x00000000d5c80000)
  to   space 1536K, 0% used [0x00000000d5c80000,0x00000000d5c80000,0x00000000d5e00000)
 ParOldGen       total 409600K, used 409514K [0x0000000080000000, 0x0000000099000000, 0x00000000d5580000)
  object space 409600K, 99% used [0x0000000080000000,0x0000000098feab00,0x0000000099000000)
 Metaspace       used 65926K, committed 67392K, reserved 1114112K
  class space    used 6702K, committed 7360K, reserved 1048576K
}
Event: 99.871 GC heap before
{Heap before GC invocations=815 (full 3):
 PSYoungGen      total 7168K, used 6997K [0x00000000d5580000, 0x00000000d5e00000, 0x0000000100000000)
  eden space 5632K, 100% used [0x00000000d5580000,0x00000000d5b00000,0x00000000d5b00000)
  from space 1536K, 88% used [0x00000000d5b00000,0x00000000d5c557e8,0x00000000d5c80000)
  to   space 1536K, 0% used [0x00000000d5c80000,0x00000000d5c80000,0x00000000d5e00000)
 ParOldGen       total 409600K, used 409514K [0x0000000080000000, 0x0000000099000000, 0x00000000d5580000)
  object space 409600K, 99% used [0x0000000080000000,0x0000000098feab00,0x0000000099000000)
 Metaspace       used 65926K, committed 67392K, reserved 1114112K
  class space    used 6702K, committed 7360K, reserved 1048576K
}
Event: 99.877 GC heap after
{Heap after GC invocations=815 (full 3):
 PSYoungGen      total 5120K, used 1533K [0x00000000d5580000, 0x00000000d6200000, 0x0000000100000000)
  eden space 3584K, 0% used [0x00000000d5580000,0x00000000d5580000,0x00000000d5900000)
  from space 1536K, 99% used [0x00000000d5c80000,0x00000000d5dff7a0,0x00000000d5e00000)
  to   space 3584K, 0% used [0x00000000d5900000,0x00000000d5900000,0x00000000d5c80000)
 ParOldGen       total 411136K, used 410856K [0x0000000080000000, 0x0000000099180000, 0x00000000d5580000)
  object space 411136K, 99% used [0x0000000080000000,0x000000009913a0e0,0x0000000099180000)
 Metaspace       used 65926K, committed 67392K, reserved 1114112K
  class space    used 6702K, committed 7360K, reserved 1048576K
}
Event: 99.918 GC heap before
{Heap before GC invocations=816 (full 3):
 PSYoungGen      total 5120K, used 5117K [0x00000000d5580000, 0x00000000d6200000, 0x0000000100000000)
  eden space 3584K, 100% used [0x00000000d5580000,0x00000000d5900000,0x00000000d5900000)
  from space 1536K, 99% used [0x00000000d5c80000,0x00000000d5dff7a0,0x00000000d5e00000)
  to   space 3584K, 0% used [0x00000000d5900000,0x00000000d5900000,0x00000000d5c80000)
 ParOldGen       total 411136K, used 410856K [0x0000000080000000, 0x0000000099180000, 0x00000000d5580000)
  object space 411136K, 99% used [0x0000000080000000,0x000000009913a0e0,0x0000000099180000)
 Metaspace       used 65926K, committed 67392K, reserved 1114112K
  class space    used 6702K, committed 7360K, reserved 1048576K
}
Event: 99.922 GC heap after
{Heap after GC invocations=816 (full 3):
 PSYoungGen      total 5120K, used 1143K [0x00000000d5580000, 0x00000000d5d00000, 0x0000000100000000)
  eden space 3584K, 0% used [0x00000000d5580000,0x00000000d5580000,0x00000000d5900000)
  from space 1536K, 74% used [0x00000000d5900000,0x00000000d5a1dfb8,0x00000000d5a80000)
  to   space 2048K, 0% used [0x00000000d5b00000,0x00000000d5b00000,0x00000000d5d00000)
 ParOldGen       total 412672K, used 412339K [0x0000000080000000, 0x0000000099300000, 0x00000000d5580000)
  object space 412672K, 99% used [0x0000000080000000,0x00000000992acef8,0x0000000099300000)
 Metaspace       used 65926K, committed 67392K, reserved 1114112K
  class space    used 6702K, committed 7360K, reserved 1048576K
}
Event: 100.053 GC heap before
{Heap before GC invocations=817 (full 3):
 PSYoungGen      total 5120K, used 4727K [0x00000000d5580000, 0x00000000d5d00000, 0x0000000100000000)
  eden space 3584K, 100% used [0x00000000d5580000,0x00000000d5900000,0x00000000d5900000)
  from space 1536K, 74% used [0x00000000d5900000,0x00000000d5a1dfb8,0x00000000d5a80000)
  to   space 2048K, 0% used [0x00000000d5b00000,0x00000000d5b00000,0x00000000d5d00000)
 ParOldGen       total 412672K, used 412339K [0x0000000080000000, 0x0000000099300000, 0x00000000d5580000)
  object space 412672K, 99% used [0x0000000080000000,0x00000000992acef8,0x0000000099300000)
 Metaspace       used 65932K, committed 67456K, reserved 1114112K
  class space    used 6703K, committed 7360K, reserved 1048576K
}
Event: 100.057 GC heap after
{Heap after GC invocations=817 (full 3):
 PSYoungGen      total 4608K, used 973K [0x00000000d5580000, 0x00000000d5c00000, 0x0000000100000000)
  eden space 3584K, 0% used [0x00000000d5580000,0x00000000d5580000,0x00000000d5900000)
  from space 1024K, 95% used [0x00000000d5b00000,0x00000000d5bf3710,0x00000000d5c00000)
  to   space 1536K, 0% used [0x00000000d5900000,0x00000000d5900000,0x00000000d5a80000)
 ParOldGen       total 413696K, used 413367K [0x0000000080000000, 0x0000000099400000, 0x00000000d5580000)
  object space 413696K, 99% used [0x0000000080000000,0x00000000993adf00,0x0000000099400000)
 Metaspace       used 65932K, committed 67456K, reserved 1114112K
  class space    used 6703K, committed 7360K, reserved 1048576K
}
Event: 100.098 GC heap before
{Heap before GC invocations=818 (full 3):
 PSYoungGen      total 4608K, used 4557K [0x00000000d5580000, 0x00000000d5c00000, 0x0000000100000000)
  eden space 3584K, 100% used [0x00000000d5580000,0x00000000d5900000,0x00000000d5900000)
  from space 1024K, 95% used [0x00000000d5b00000,0x00000000d5bf3710,0x00000000d5c00000)
  to   space 1536K, 0% used [0x00000000d5900000,0x00000000d5900000,0x00000000d5a80000)
 ParOldGen       total 413696K, used 413367K [0x0000000080000000, 0x0000000099400000, 0x00000000d5580000)
  object space 413696K, 99% used [0x0000000080000000,0x00000000993adf00,0x0000000099400000)
 Metaspace       used 65940K, committed 67456K, reserved 1114112K
  class space    used 6705K, committed 7360K, reserved 1048576K
}
Event: 100.102 GC heap after
{Heap after GC invocations=818 (full 3):
 PSYoungGen      total 5120K, used 869K [0x00000000d5580000, 0x00000000d5b80000, 0x0000000100000000)
  eden space 3584K, 0% used [0x00000000d5580000,0x00000000d5580000,0x00000000d5900000)
  from space 1536K, 56% used [0x00000000d5900000,0x00000000d59d96d0,0x00000000d5a80000)
  to   space 1024K, 0% used [0x00000000d5a80000,0x00000000d5a80000,0x00000000d5b80000)
 ParOldGen       total 414720K, used 414216K [0x0000000080000000, 0x0000000099500000, 0x00000000d5580000)
  object space 414720K, 99% used [0x0000000080000000,0x0000000099482048,0x0000000099500000)
 Metaspace       used 65940K, committed 67456K, reserved 1114112K
  class space    used 6705K, committed 7360K, reserved 1048576K
}
Event: 100.140 GC heap before
{Heap before GC invocations=819 (full 3):
 PSYoungGen      total 5120K, used 4453K [0x00000000d5580000, 0x00000000d5b80000, 0x0000000100000000)
  eden space 3584K, 100% used [0x00000000d5580000,0x00000000d5900000,0x00000000d5900000)
  from space 1536K, 56% used [0x00000000d5900000,0x00000000d59d96d0,0x00000000d5a80000)
  to   space 1024K, 0% used [0x00000000d5a80000,0x00000000d5a80000,0x00000000d5b80000)
 ParOldGen       total 414720K, used 414216K [0x0000000080000000, 0x0000000099500000, 0x00000000d5580000)
  object space 414720K, 99% used [0x0000000080000000,0x0000000099482048,0x0000000099500000)
 Metaspace       used 65940K, committed 67456K, reserved 1114112K
  class space    used 6705K, committed 7360K, reserved 1048576K
}
Event: 100.144 GC heap after
{Heap after GC invocations=819 (full 3):
 PSYoungGen      total 4608K, used 902K [0x00000000d5580000, 0x00000000d5b80000, 0x0000000100000000)
  eden space 3584K, 0% used [0x00000000d5580000,0x00000000d5580000,0x00000000d5900000)
  from space 1024K, 88% used [0x00000000d5a80000,0x00000000d5b61bc8,0x00000000d5b80000)
  to   space 1024K, 0% used [0x00000000d5980000,0x00000000d5980000,0x00000000d5a80000)
 ParOldGen       total 415232K, used 415006K [0x0000000080000000, 0x0000000099580000, 0x00000000d5580000)
  object space 415232K, 99% used [0x0000000080000000,0x0000000099547ab0,0x0000000099580000)
 Metaspace       used 65940K, committed 67456K, reserved 1114112K
  class space    used 6705K, committed 7360K, reserved 1048576K
}
Event: 100.219 GC heap before
{Heap before GC invocations=820 (full 3):
 PSYoungGen      total 4608K, used 4486K [0x00000000d5580000, 0x00000000d5b80000, 0x0000000100000000)
  eden space 3584K, 100% used [0x00000000d5580000,0x00000000d5900000,0x00000000d5900000)
  from space 1024K, 88% used [0x00000000d5a80000,0x00000000d5b61bc8,0x00000000d5b80000)
  to   space 1024K, 0% used [0x00000000d5980000,0x00000000d5980000,0x00000000d5a80000)
 ParOldGen       total 415232K, used 415006K [0x0000000080000000, 0x0000000099580000, 0x00000000d5580000)
  object space 415232K, 99% used [0x0000000080000000,0x0000000099547ab0,0x0000000099580000)
 Metaspace       used 65940K, committed 67456K, reserved 1114112K
  class space    used 6705K, committed 7360K, reserved 1048576K
}
Event: 100.222 GC heap after
{Heap after GC invocations=820 (full 3):
 PSYoungGen      total 4608K, used 956K [0x00000000d5580000, 0x00000000d5b00000, 0x0000000100000000)
  eden space 3584K, 0% used [0x00000000d5580000,0x00000000d5580000,0x00000000d5900000)
  from space 1024K, 93% used [0x00000000d5980000,0x00000000d5a6f348,0x00000000d5a80000)
  to   space 512K, 0% used [0x00000000d5a80000,0x00000000d5a80000,0x00000000d5b00000)
 ParOldGen       total 416256K, used 415797K [0x0000000080000000, 0x0000000099680000, 0x00000000d5580000)
  object space 416256K, 99% used [0x0000000080000000,0x000000009960d4c8,0x0000000099680000)
 Metaspace       used 65940K, committed 67456K, reserved 1114112K
  class space    used 6705K, committed 7360K, reserved 1048576K
}
Event: 100.256 GC heap before
{Heap before GC invocations=821 (full 3):
 PSYoungGen      total 4608K, used 4540K [0x00000000d5580000, 0x00000000d5b00000, 0x0000000100000000)
  eden space 3584K, 100% used [0x00000000d5580000,0x00000000d5900000,0x00000000d5900000)
  from space 1024K, 93% used [0x00000000d5980000,0x00000000d5a6f348,0x00000000d5a80000)
  to   space 512K, 0% used [0x00000000d5a80000,0x00000000d5a80000,0x00000000d5b00000)
 ParOldGen       total 416256K, used 415797K [0x0000000080000000, 0x0000000099680000, 0x00000000d5580000)
  object space 416256K, 99% used [0x0000000080000000,0x000000009960d4c8,0x0000000099680000)
 Metaspace       used 65940K, committed 67456K, reserved 1114112K
  class space    used 6705K, committed 7360K, reserved 1048576K
}

