# JRE version: OpenJDK Runtime Environment Temurin-21.0.10+7 (21.0.10+7) (build 21.0.10+7-LTS)
# Java VM: OpenJDK 64-Bit Server VM Temurin-21.0.10+7 (21.0.10+7-LTS, mixed mode, sharing, tiered, compressed oops, compressed class ptrs, parallel gc, windows-amd64)
GC Precious Log:
 CardTable entry size: 512
 CPUs: 12 total, 12 available
 Memory: 7521M
 Large Page Support: Disabled
 NUMA Support: Disabled
 Compressed Oops: Enabled (32-bit)
 Alignments: Space 512K, Generation 512K, Heap 2M
 Heap Min Capacity: 100M
 Heap Initial Capacity: 100M
 Heap Max Capacity: 2G
 Pre-touch: Disabled
 Parallel Workers: 10
Heap:
 PSYoungGen      total 3072K, used 378K [0x00000000d5580000, 0x00000000d5a00000, 0x0000000100000000)
  eden space 2560K, 4% used [0x00000000d5580000,0x00000000d559ea80,0x00000000d5800000)
  from space 512K, 50% used [0x00000000d5980000,0x00000000d59c0000,0x00000000d5a00000)
  to   space 512K, 0% used [0x00000000d5900000,0x00000000d5900000,0x00000000d5980000)
 ParOldGen       total 1131520K, used 1129247K [0x0000000080000000, 0x00000000c5100000, 0x00000000d5580000)
  object space 1131520K, 99% used [0x0000000080000000,0x00000000c4ec7ce8,0x00000000c5100000)
 Metaspace       used 83676K, committed 85440K, reserved 1179648K
  class space    used 8266K, committed 9088K, reserved 1048576K
GC Heap History (20 events):
Event: 1675.171 GC heap before
{Heap before GC invocations=3559 (full 6):
 PSYoungGen      total 3072K, used 3072K [0x00000000d5580000, 0x00000000d5b00000, 0x0000000100000000)
  eden space 2560K, 100% used [0x00000000d5580000,0x00000000d5800000,0x00000000d5800000)
  from space 512K, 100% used [0x00000000d5a80000,0x00000000d5b00000,0x00000000d5b00000)
  to   space 1024K, 0% used [0x00000000d5900000,0x00000000d5900000,0x00000000d5a00000)
 ParOldGen       total 1035264K, used 1034918K [0x0000000080000000, 0x00000000bf300000, 0x00000000d5580000)
  object space 1035264K, 99% used [0x0000000080000000,0x00000000bf2a9a70,0x00000000bf300000)
 Metaspace       used 83645K, committed 85376K, reserved 1179648K
  class space    used 8266K, committed 9088K, reserved 1048576K
}
Event: 1675.176 GC heap after
{Heap after GC invocations=3559 (full 6):
 PSYoungGen      total 3584K, used 768K [0x00000000d5580000, 0x00000000d5b00000, 0x0000000100000000)
  eden space 2560K, 0% used [0x00000000d5580000,0x00000000d5580000,0x00000000d5800000)
  from space 1024K, 75% used [0x00000000d5900000,0x00000000d59c0000,0x00000000d5a00000)
  to   space 1024K, 0% used [0x00000000d5a00000,0x00000000d5a00000,0x00000000d5b00000)
 ParOldGen       total 1035776K, used 1035323K [0x0000000080000000, 0x00000000bf380000, 0x00000000d5580000)
  object space 1035776K, 99% used [0x0000000080000000,0x00000000bf30ef48,0x00000000bf380000)
 Metaspace       used 83645K, committed 85376K, reserved 1179648K
  class space    used 8266K, committed 9088K, reserved 1048576K
}
Event: 1675.195 GC heap before
{Heap before GC invocations=3560 (full 6):
 PSYoungGen      total 3584K, used 3328K [0x00000000d5580000, 0x00000000d5b00000, 0x0000000100000000)
  eden space 2560K, 100% used [0x00000000d5580000,0x00000000d5800000,0x00000000d5800000)
  from space 1024K, 75% used [0x00000000d5900000,0x00000000d59c0000,0x00000000d5a00000)
  to   space 1024K, 0% used [0x00000000d5a00000,0x00000000d5a00000,0x00000000d5b00000)
 ParOldGen       total 1035776K, used 1035323K [0x0000000080000000, 0x00000000bf380000, 0x00000000d5580000)
  object space 1035776K, 99% used [0x0000000080000000,0x00000000bf30ef48,0x00000000bf380000)
 Metaspace       used 83647K, committed 85376K, reserved 1179648K
  class space    used 8266K, committed 9088K, reserved 1048576K
}
Event: 1675.197 GC heap after
{Heap after GC invocations=3560 (full 6):
 PSYoungGen      total 3072K, used 480K [0x00000000d5580000, 0x00000000d5a80000, 0x0000000100000000)
  eden space 2560K, 0% used [0x00000000d5580000,0x00000000d5580000,0x00000000d5800000)
  from space 512K, 93% used [0x00000000d5a00000,0x00000000d5a78000,0x00000000d5a80000)
  to   space 1024K, 0% used [0x00000000d5880000,0x00000000d5880000,0x00000000d5980000)
 ParOldGen       total 1036288K, used 1035934K [0x0000000080000000, 0x00000000bf400000, 0x00000000d5580000)
  object space 1036288K, 99% used [0x0000000080000000,0x00000000bf3a7b00,0x00000000bf400000)
 Metaspace       used 83647K, committed 85376K, reserved 1179648K
  class space    used 8266K, committed 9088K, reserved 1048576K
}
Event: 1675.336 GC heap before
{Heap before GC invocations=3561 (full 6):
 PSYoungGen      total 3072K, used 3040K [0x00000000d5580000, 0x00000000d5a80000, 0x0000000100000000)
  eden space 2560K, 100% used [0x00000000d5580000,0x00000000d5800000,0x00000000d5800000)
  from space 512K, 93% used [0x00000000d5a00000,0x00000000d5a78000,0x00000000d5a80000)
  to   space 1024K, 0% used [0x00000000d5880000,0x00000000d5880000,0x00000000d5980000)
 ParOldGen       total 1131520K, used 1128094K [0x0000000080000000, 0x00000000c5100000, 0x00000000d5580000)
  object space 1131520K, 99% used [0x0000000080000000,0x00000000c4da7b90,0x00000000c5100000)
 Metaspace       used 83652K, committed 85376K, reserved 1179648K
  class space    used 8266K, committed 9088K, reserved 1048576K
}
Event: 1675.342 GC heap after
{Heap after GC invocations=3561 (full 6):
 PSYoungGen      total 3584K, used 528K [0x00000000d5580000, 0x00000000d5a80000, 0x0000000100000000)
  eden space 2560K, 0% used [0x00000000d5580000,0x00000000d5580000,0x00000000d5800000)
  from space 1024K, 51% used [0x00000000d5880000,0x00000000d5904010,0x00000000d5980000)
  to   space 1024K, 0% used [0x00000000d5980000,0x00000000d5980000,0x00000000d5a80000)
 ParOldGen       total 1131520K, used 1128334K [0x0000000080000000, 0x00000000c5100000, 0x00000000d5580000)
  object space 1131520K, 99% used [0x0000000080000000,0x00000000c4de3b90,0x00000000c5100000)
 Metaspace       used 83652K, committed 85376K, reserved 1179648K
  class space    used 8266K, committed 9088K, reserved 1048576K
}
Event: 1675.461 GC heap before
{Heap before GC invocations=3562 (full 6):
 PSYoungGen      total 3584K, used 3088K [0x00000000d5580000, 0x00000000d5a80000, 0x0000000100000000)
  eden space 2560K, 100% used [0x00000000d5580000,0x00000000d5800000,0x00000000d5800000)
  from space 1024K, 51% used [0x00000000d5880000,0x00000000d5904010,0x00000000d5980000)
  to   space 1024K, 0% used [0x00000000d5980000,0x00000000d5980000,0x00000000d5a80000)
 ParOldGen       total 1131520K, used 1128334K [0x0000000080000000, 0x00000000c5100000, 0x00000000d5580000)
  object space 1131520K, 99% used [0x0000000080000000,0x00000000c4de3b90,0x00000000c5100000)
 Metaspace       used 83653K, committed 85376K, reserved 1179648K
  class space    used 8266K, committed 9088K, reserved 1048576K
}
Event: 1675.465 GC heap after
{Heap after GC invocations=3562 (full 6):
 PSYoungGen      total 3072K, used 192K [0x00000000d5580000, 0x00000000d5a00000, 0x0000000100000000)
  eden space 2560K, 0% used [0x00000000d5580000,0x00000000d5580000,0x00000000d5800000)
  from space 512K, 37% used [0x00000000d5980000,0x00000000d59b0000,0x00000000d5a00000)
  to   space 512K, 0% used [0x00000000d5900000,0x00000000d5900000,0x00000000d5980000)
 ParOldGen       total 1131520K, used 1128597K [0x0000000080000000, 0x00000000c5100000, 0x00000000d5580000)
  object space 1131520K, 99% used [0x0000000080000000,0x00000000c4e25508,0x00000000c5100000)
 Metaspace       used 83653K, committed 85376K, reserved 1179648K
  class space    used 8266K, committed 9088K, reserved 1048576K
}
Event: 1965.058 GC heap before
{Heap before GC invocations=3563 (full 6):
 PSYoungGen      total 3072K, used 2751K [0x00000000d5580000, 0x00000000d5a00000, 0x0000000100000000)
  eden space 2560K, 99% used [0x00000000d5580000,0x00000000d57fffe0,0x00000000d5800000)
  from space 512K, 37% used [0x00000000d5980000,0x00000000d59b0000,0x00000000d5a00000)
  to   space 512K, 0% used [0x00000000d5900000,0x00000000d5900000,0x00000000d5980000)
 ParOldGen       total 1131520K, used 1128597K [0x0000000080000000, 0x00000000c5100000, 0x00000000d5580000)
  object space 1131520K, 99% used [0x0000000080000000,0x00000000c4e25508,0x00000000c5100000)
 Metaspace       used 83653K, committed 85376K, reserved 1179648K
  class space    used 8266K, committed 9088K, reserved 1048576K
}
Event: 1965.400 GC heap after
{Heap after GC invocations=3563 (full 6):
 PSYoungGen      total 3072K, used 376K [0x00000000d5580000, 0x00000000d5a00000, 0x0000000100000000)
  eden space 2560K, 0% used [0x00000000d5580000,0x00000000d5580000,0x00000000d5800000)
  from space 512K, 73% used [0x00000000d5900000,0x00000000d595e020,0x00000000d5980000)
  to   space 512K, 0% used [0x00000000d5980000,0x00000000d5980000,0x00000000d5a00000)
 ParOldGen       total 1131520K, used 1128677K [0x0000000080000000, 0x00000000c5100000, 0x00000000d5580000)
  object space 1131520K, 99% used [0x0000000080000000,0x00000000c4e39508,0x00000000c5100000)
 Metaspace       used 83653K, committed 85376K, reserved 1179648K
  class space    used 8266K, committed 9088K, reserved 1048576K
}
Event: 1966.286 GC heap before
{Heap before GC invocations=3564 (full 6):
 PSYoungGen      total 3072K, used 2936K [0x00000000d5580000, 0x00000000d5a00000, 0x0000000100000000)
  eden space 2560K, 100% used [0x00000000d5580000,0x00000000d5800000,0x00000000d5800000)
  from space 512K, 73% used [0x00000000d5900000,0x00000000d595e020,0x00000000d5980000)
  to   space 512K, 0% used [0x00000000d5980000,0x00000000d5980000,0x00000000d5a00000)
 ParOldGen       total 1131520K, used 1128677K [0x0000000080000000, 0x00000000c5100000, 0x00000000d5580000)
  object space 1131520K, 99% used [0x0000000080000000,0x00000000c4e39508,0x00000000c5100000)
 Metaspace       used 83657K, committed 85376K, reserved 1179648K
  class space    used 8266K, committed 9088K, reserved 1048576K
}
Event: 1966.294 GC heap after
{Heap after GC invocations=3564 (full 6):
 PSYoungGen      total 3072K, used 512K [0x00000000d5580000, 0x00000000d5a00000, 0x0000000100000000)
  eden space 2560K, 0% used [0x00000000d5580000,0x00000000d5580000,0x00000000d5800000)
  from space 512K, 100% used [0x00000000d5980000,0x00000000d5a00000,0x00000000d5a00000)
  to   space 1024K, 0% used [0x00000000d5800000,0x00000000d5800000,0x00000000d5900000)
 ParOldGen       total 1131520K, used 1128767K [0x0000000080000000, 0x00000000c5100000, 0x00000000d5580000)
  object space 1131520K, 99% used [0x0000000080000000,0x00000000c4e4fcb8,0x00000000c5100000)
 Metaspace       used 83657K, committed 85376K, reserved 1179648K
  class space    used 8266K, committed 9088K, reserved 1048576K
}
Event: 1966.446 GC heap before
{Heap before GC invocations=3565 (full 6):
 PSYoungGen      total 3072K, used 3072K [0x00000000d5580000, 0x00000000d5a00000, 0x0000000100000000)
  eden space 2560K, 100% used [0x00000000d5580000,0x00000000d5800000,0x00000000d5800000)
  from space 512K, 100% used [0x00000000d5980000,0x00000000d5a00000,0x00000000d5a00000)
  to   space 1024K, 0% used [0x00000000d5800000,0x00000000d5800000,0x00000000d5900000)
 ParOldGen       total 1131520K, used 1128767K [0x0000000080000000, 0x00000000c5100000, 0x00000000d5580000)
  object space 1131520K, 99% used [0x0000000080000000,0x00000000c4e4fcb8,0x00000000c5100000)
 Metaspace       used 83661K, committed 85440K, reserved 1179648K
  class space    used 8266K, committed 9088K, reserved 1048576K
}
Event: 1966.456 GC heap after
{Heap after GC invocations=3565 (full 6):
 PSYoungGen      total 3584K, used 384K [0x00000000d5580000, 0x00000000d5a00000, 0x0000000100000000)
  eden space 2560K, 0% used [0x00000000d5580000,0x00000000d5580000,0x00000000d5800000)
  from space 1024K, 37% used [0x00000000d5800000,0x00000000d5860020,0x00000000d5900000)
  to   space 512K, 0% used [0x00000000d5980000,0x00000000d5980000,0x00000000d5a00000)
 ParOldGen       total 1131520K, used 1128959K [0x0000000080000000, 0x00000000c5100000, 0x00000000d5580000)
  object space 1131520K, 99% used [0x0000000080000000,0x00000000c4e7fcc8,0x00000000c5100000)
 Metaspace       used 83661K, committed 85440K, reserved 1179648K
  class space    used 8266K, committed 9088K, reserved 1048576K
}
Event: 1966.555 GC heap before
{Heap before GC invocations=3566 (full 6):
 PSYoungGen      total 3584K, used 2944K [0x00000000d5580000, 0x00000000d5a00000, 0x0000000100000000)
  eden space 2560K, 100% used [0x00000000d5580000,0x00000000d5800000,0x00000000d5800000)
  from space 1024K, 37% used [0x00000000d5800000,0x00000000d5860020,0x00000000d5900000)
  to   space 512K, 0% used [0x00000000d5980000,0x00000000d5980000,0x00000000d5a00000)
 ParOldGen       total 1131520K, used 1128959K [0x0000000080000000, 0x00000000c5100000, 0x00000000d5580000)
  object space 1131520K, 99% used [0x0000000080000000,0x00000000c4e7fcc8,0x00000000c5100000)
 Metaspace       used 83665K, committed 85440K, reserved 1179648K
  class space    used 8266K, committed 9088K, reserved 1048576K
}
Event: 1966.558 GC heap after
{Heap after GC invocations=3566 (full 6):
 PSYoungGen      total 3072K, used 480K [0x00000000d5580000, 0x00000000d5a00000, 0x0000000100000000)
  eden space 2560K, 0% used [0x00000000d5580000,0x00000000d5580000,0x00000000d5800000)
  from space 512K, 93% used [0x00000000d5980000,0x00000000d59f8020,0x00000000d5a00000)
  to   space 512K, 0% used [0x00000000d5900000,0x00000000d5900000,0x00000000d5980000)
 ParOldGen       total 1131520K, used 1129111K [0x0000000080000000, 0x00000000c5100000, 0x00000000d5580000)
  object space 1131520K, 99% used [0x0000000080000000,0x00000000c4ea5ce8,0x00000000c5100000)
 Metaspace       used 83665K, committed 85440K, reserved 1179648K
  class space    used 8266K, committed 9088K, reserved 1048576K
}
Event: 2192.130 GC heap before
{Heap before GC invocations=3567 (full 6):
 PSYoungGen      total 3072K, used 3040K [0x00000000d5580000, 0x00000000d5a00000, 0x0000000100000000)
  eden space 2560K, 99% used [0x00000000d5580000,0x00000000d57ffff0,0x00000000d5800000)
  from space 512K, 93% used [0x00000000d5980000,0x00000000d59f8020,0x00000000d5a00000)
  to   space 512K, 0% used [0x00000000d5900000,0x00000000d5900000,0x00000000d5980000)
 ParOldGen       total 1131520K, used 1129111K [0x0000000080000000, 0x00000000c5100000, 0x00000000d5580000)
  object space 1131520K, 99% used [0x0000000080000000,0x00000000c4ea5ce8,0x00000000c5100000)
 Metaspace       used 83669K, committed 85440K, reserved 1179648K
  class space    used 8266K, committed 9088K, reserved 1048576K
}
Event: 2192.406 GC heap after
{Heap after GC invocations=3567 (full 6):
 PSYoungGen      total 3072K, used 288K [0x00000000d5580000, 0x00000000d5a00000, 0x0000000100000000)
  eden space 2560K, 0% used [0x00000000d5580000,0x00000000d5580000,0x00000000d5800000)
  from space 512K, 56% used [0x00000000d5900000,0x00000000d5948000,0x00000000d5980000)
  to   space 512K, 0% used [0x00000000d5980000,0x00000000d5980000,0x00000000d5a00000)
 ParOldGen       total 1131520K, used 1129215K [0x0000000080000000, 0x00000000c5100000, 0x00000000d5580000)
  object space 1131520K, 99% used [0x0000000080000000,0x00000000c4ebfce8,0x00000000c5100000)
 Metaspace       used 83669K, committed 85440K, reserved 1179648K
  class space    used 8266K, committed 9088K, reserved 1048576K
}
Event: 3623.314 GC heap before
{Heap before GC invocations=3568 (full 6):
 PSYoungGen      total 3072K, used 2848K [0x00000000d5580000, 0x00000000d5a00000, 0x0000000100000000)
  eden space 2560K, 100% used [0x00000000d5580000,0x00000000d5800000,0x00000000d5800000)
  from space 512K, 56% used [0x00000000d5900000,0x00000000d5948000,0x00000000d5980000)
  to   space 512K, 0% used [0x00000000d5980000,0x00000000d5980000,0x00000000d5a00000)
 ParOldGen       total 1131520K, used 1129215K [0x0000000080000000, 0x00000000c5100000, 0x00000000d5580000)
  object space 1131520K, 99% used [0x0000000080000000,0x00000000c4ebfce8,0x00000000c5100000)
 Metaspace       used 83674K, committed 85440K, reserved 1179648K
  class space    used 8266K, committed 9088K, reserved 1048576K
}
Event: 3623.590 GC heap after
{Heap after GC invocations=3568 (full 6):
 PSYoungGen      total 3072K, used 256K [0x00000000d5580000, 0x00000000d5a00000, 0x0000000100000000)
  eden space 2560K, 0% used [0x00000000d5580000,0x00000000d5580000,0x00000000d5800000)
  from space 512K, 50% used [0x00000000d5980000,0x00000000d59c0000,0x00000000d5a00000)
  to   space 512K, 0% used [0x00000000d5900000,0x00000000d5900000,0x00000000d5980000)
 ParOldGen       total 1131520K, used 1129247K [0x0000000080000000, 0x00000000c5100000, 0x00000000d5580000)
  object space 1131520K, 99% used [0x0000000080000000,0x00000000c4ec7ce8,0x00000000c5100000)
 Metaspace       used 83674K, committed 85440K, reserved 1179648K
  class space    used 8266K, committed 9088K, reserved 1048576K
}

