GROUP,PACKAGE,CLASS,INSTRUCTION_MISSED,INSTRUCTION_COVERED,BRANCH_MISSED,BRANCH_COVERED,LINE_MISSED,LINE_COVERED,COMPLEXITY_MISSED,COMPLEXITY_COVERED,METHOD_MISSED,METHOD_COVERED
payment-service,com.skillsync.payment.controller,PaymentController,45,0,0,0,8,0,6,0,6,0
payment-service,com.skillsync.payment.controller,DlqReplayController,29,0,0,0,6,0,4,0,4,0
payment-service,com.skillsync.payment.service,PaymentSagaOrchestrator,39,283,2,4,7,66,2,9,0,8
payment-service,com.skillsync.payment.service,OutboxEventService,75,4,0,0,18,1,1,1,1,1
payment-service,com.skillsync.payment.service,OutboxPublisher,56,257,7,7,13,59,7,8,2,6
payment-service,com.skillsync.payment.service,SagaRecoveryScheduler,33,281,3,9,5,74,3,9,0,6
payment-service,com.skillsync.payment.service,DlqReplayService,60,135,0,2,9,36,3,7,3,6
payment-service,com.skillsync.payment.service,PaymentService,558,55,26,4,125,14,22,6,9,4
payment-service,com.skillsync.payment.enums,PaymentType,0,9,0,0,0,2,0,1,0,1
payment-service,com.skillsync.payment.enums,ReferenceType,0,9,0,0,0,2,0,1,0,1
payment-service,com.skillsync.payment.enums,PaymentStatus,0,39,0,0,0,7,0,1,0,1
payment-service,com.skillsync.payment.exception,GlobalExceptionHandler,151,0,0,0,28,0,7,0,7,0
payment-service,com.skillsync.payment.exception,PaymentException,37,10,0,0,14,4,5,1,5,1
payment-service,com.skillsync.payment,PaymentServiceApplication,8,0,0,0,3,0,2,0,2,0
payment-service,com.skillsync.payment.consumer,DlqConsumer,156,0,14,0,39,0,16,0,9,0
payment-service,com.skillsync.payment.entity,OutboxEvent.OutboxStatus,0,27,0,0,0,5,0,1,0,1
payment-service,com.skillsync.payment.entity,SagaState,13,0,0,0,6,0,2,0,2,0
payment-service,com.skillsync.payment.entity,FailedEvent.ReplayStatus,0,21,0,0,0,4,0,1,0,1
payment-service,com.skillsync.payment.config,OpenApiConfig,50,0,0,0,13,0,2,0,2,0
payment-service,com.skillsync.payment.config,RabbitMQConfig,140,0,0,0,29,0,18,0,18,0
payment-service,com.skillsync.payment.config,JpaAuditingConfig,3,0,0,0,1,0,1,0,1,0
payment-service,com.skillsync.payment.config,RazorpayConfig,18,0,0,0,4,0,3,0,3,0
payment-service,com.skillsync.payment.dto,CreateOrderRequest,15,0,0,0,1,0,1,0,1,0
payment-service,com.skillsync.payment.dto,PaymentResponse,0,39,0,0,0,1,0,1,0,1
payment-service,com.skillsync.payment.dto,VerifyPaymentRequest,12,0,0,0,1,0,1,0,1,0
payment-service,com.skillsync.payment.dto,CreateOrderResponse,18,0,0,0,1,0,1,0,1,0
payment-service,com.skillsync.payment.mapper,PaymentMapper,0,37,0,2,0,13,0,2,0,1
